# JRE version: OpenJDK Runtime Environment (11.0.13) (build 11.0.13+0-b1751.21-8125866)
# Java VM: OpenJDK 64-Bit Server VM (11.0.13+0-b1751.21-8125866, mixed mode, tiered, compressed oops, g1 gc, windows-amd64)
Heap:
 garbage-first heap   total 705536K, used 167509K [0x0000000080000000, 0x0000000100000000)
  region size 1024K, 11 young (11264K), 11 survivors (11264K)
 Metaspace       used 100093K, capacity 103616K, committed 103760K, reserved 1138688K
  class space    used 13257K, capacity 14675K, committed 14720K, reserved 1048576K
GC Heap History (20 events):
Event: 17.937 GC heap after
{Heap after GC invocations=28 (full 0):
 garbage-first heap   total 196608K, used 107645K [0x0000000080000000, 0x0000000100000000)
  region size 1024K, 8 young (8192K), 8 survivors (8192K)
 Metaspace       used 86368K, capacity 88783K, committed 89808K, reserved 1126400K
  class space    used 11061K, capacity 11911K, committed 12288K, reserved 1048576K
}
Event: 18.491 GC heap before
{Heap before GC invocations=29 (full 0):
 garbage-first heap   total 196608K, used 155773K [0x0000000080000000, 0x0000000100000000)
  region size 1024K, 56 young (57344K), 8 survivors (8192K)
 Metaspace       used 89779K, capacity 92386K, committed 92752K, reserved 1130496K
  class space    used 11542K, capacity 12494K, committed 12672K, reserved 1048576K
}
Event: 18.501 GC heap after
{Heap after GC invocations=30 (full 0):
 garbage-first heap   total 196608K, used 114688K [0x0000000080000000, 0x0000000100000000)
  region size 1024K, 7 young (7168K), 7 survivors (7168K)
 Metaspace       used 89779K, capacity 92386K, committed 92752K, reserved 1130496K
  class space    used 11542K, capacity 12494K, committed 12672K, reserved 1048576K
}
Event: 18.663 GC heap before
{Heap before GC invocations=30 (full 0):
 garbage-first heap   total 196608K, used 157696K [0x0000000080000000, 0x0000000100000000)
  region size 1024K, 49 young (50176K), 7 survivors (7168K)
 Metaspace       used 90220K, capacity 92844K, committed 93264K, reserved 1130496K
  class space    used 11607K, capacity 12560K, committed 12672K, reserved 1048576K
}
Event: 18.684 GC heap after
{Heap after GC invocations=31 (full 0):
 garbage-first heap   total 236544K, used 125457K [0x0000000080000000, 0x0000000100000000)
  region size 1024K, 7 young (7168K), 7 survivors (7168K)
 Metaspace       used 90220K, capacity 92844K, committed 93264K, reserved 1130496K
  class space    used 11607K, capacity 12560K, committed 12672K, reserved 1048576K
}
Event: 18.949 GC heap before
{Heap before GC invocations=32 (full 0):
 garbage-first heap   total 236544K, used 175633K [0x0000000080000000, 0x0000000100000000)
  region size 1024K, 57 young (58368K), 7 survivors (7168K)
 Metaspace       used 91623K, capacity 94359K, committed 94544K, reserved 1130496K
  class space    used 11812K, capacity 12814K, committed 12928K, reserved 1048576K
}
Event: 18.970 GC heap after
{Heap after GC invocations=33 (full 0):
 garbage-first heap   total 236544K, used 138697K [0x0000000080000000, 0x0000000100000000)
  region size 1024K, 8 young (8192K), 8 survivors (8192K)
 Metaspace       used 91623K, capacity 94359K, committed 94544K, reserved 1130496K
  class space    used 11812K, capacity 12814K, committed 12928K, reserved 1048576K
}
Event: 19.097 GC heap before
{Heap before GC invocations=33 (full 0):
 garbage-first heap   total 236544K, used 184777K [0x0000000080000000, 0x0000000100000000)
  region size 1024K, 53 young (54272K), 8 survivors (8192K)
 Metaspace       used 92415K, capacity 95172K, committed 95312K, reserved 1132544K
  class space    used 11903K, capacity 12893K, committed 12928K, reserved 1048576K
}
Event: 19.117 GC heap after
{Heap after GC invocations=34 (full 0):
 garbage-first heap   total 236544K, used 147998K [0x0000000080000000, 0x0000000100000000)
  region size 1024K, 7 young (7168K), 7 survivors (7168K)
 Metaspace       used 92415K, capacity 95172K, committed 95312K, reserved 1132544K
  class space    used 11903K, capacity 12893K, committed 12928K, reserved 1048576K
}
Event: 19.528 GC heap before
{Heap before GC invocations=35 (full 0):
 garbage-first heap   total 236544K, used 189982K [0x0000000080000000, 0x0000000100000000)
  region size 1024K, 48 young (49152K), 7 survivors (7168K)
 Metaspace       used 94420K, capacity 97573K, committed 97616K, reserved 1132544K
  class space    used 12422K, capacity 13688K, committed 13696K, reserved 1048576K
}
Event: 19.543 GC heap after
{Heap after GC invocations=36 (full 0):
 garbage-first heap   total 236544K, used 154868K [0x0000000080000000, 0x0000000100000000)
  region size 1024K, 6 young (6144K), 6 survivors (6144K)
 Metaspace       used 94420K, capacity 97573K, committed 97616K, reserved 1132544K
  class space    used 12422K, capacity 13688K, committed 13696K, reserved 1048576K
}
Event: 19.624 GC heap before
{Heap before GC invocations=36 (full 0):
 garbage-first heap   total 236544K, used 159988K [0x0000000080000000, 0x0000000100000000)
  region size 1024K, 11 young (11264K), 6 survivors (6144K)
 Metaspace       used 95397K, capacity 98665K, committed 98896K, reserved 1134592K
  class space    used 12590K, capacity 13907K, committed 13952K, reserved 1048576K
}
Event: 19.637 GC heap after
{Heap after GC invocations=37 (full 0):
 garbage-first heap   total 357376K, used 154097K [0x0000000080000000, 0x0000000100000000)
  region size 1024K, 2 young (2048K), 2 survivors (2048K)
 Metaspace       used 95397K, capacity 98665K, committed 98896K, reserved 1134592K
  class space    used 12590K, capacity 13907K, committed 13952K, reserved 1048576K
}
Event: 20.594 GC heap before
{Heap before GC invocations=37 (full 0):
 garbage-first heap   total 357376K, used 228849K [0x0000000080000000, 0x0000000100000000)
  region size 1024K, 75 young (76800K), 2 survivors (2048K)
 Metaspace       used 97777K, capacity 101187K, committed 101456K, reserved 1136640K
  class space    used 12987K, capacity 14359K, committed 14464K, reserved 1048576K
}
Event: 20.605 GC heap after
{Heap after GC invocations=38 (full 0):
 garbage-first heap   total 357376K, used 157334K [0x0000000080000000, 0x0000000100000000)
  region size 1024K, 5 young (5120K), 5 survivors (5120K)
 Metaspace       used 97777K, capacity 101187K, committed 101456K, reserved 1136640K
  class space    used 12987K, capacity 14359K, committed 14464K, reserved 1048576K
}
Event: 21.396 GC heap before
{Heap before GC invocations=38 (full 0):
 garbage-first heap   total 357376K, used 236182K [0x0000000080000000, 0x0000000100000000)
  region size 1024K, 83 young (84992K), 5 survivors (5120K)
 Metaspace       used 99792K, capacity 103332K, committed 103504K, reserved 1138688K
  class space    used 13196K, capacity 14624K, committed 14720K, reserved 1048576K
}
Event: 21.512 GC heap after
{Heap after GC invocations=39 (full 0):
 garbage-first heap   total 357376K, used 160958K [0x0000000080000000, 0x0000000100000000)
  region size 1024K, 8 young (8192K), 8 survivors (8192K)
 Metaspace       used 99792K, capacity 103332K, committed 103504K, reserved 1138688K
  class space    used 13196K, capacity 14624K, committed 14720K, reserved 1048576K
}
Event: 22.072 GC heap before
{Heap before GC invocations=39 (full 0):
 garbage-first heap   total 357376K, used 245950K [0x0000000080000000, 0x0000000100000000)
  region size 1024K, 91 young (93184K), 8 survivors (8192K)
 Metaspace       used 100036K, capacity 103547K, committed 103760K, reserved 1138688K
  class space    used 13244K, capacity 14675K, committed 14720K, reserved 1048576K
}
Event: 22.098 GC heap after
{Heap after GC invocations=40 (full 0):
 garbage-first heap   total 357376K, used 163432K [0x0000000080000000, 0x0000000100000000)
  region size 1024K, 7 young (7168K), 7 survivors (7168K)
 Metaspace       used 100036K, capacity 103547K, committed 103760K, reserved 1138688K
  class space    used 13244K, capacity 14675K, committed 14720K, reserved 1048576K
}
Event: 22.522 GC heap before
{Heap before GC invocations=40 (full 0):
 garbage-first heap   total 357376K, used 259688K [0x0000000080000000, 0x0000000100000000)
  region size 1024K, 101 young (103424K), 7 survivors (7168K)
 Metaspace       used 100093K, capacity 103616K, committed 103760K, reserved 1138688K
  class space    used 13257K, capacity 14675K, committed 14720K, reserved 1048576K
}

