# JRE version: OpenJDK Runtime Environment (11.0.13) (build 11.0.13+0-b1751.21-8125866)
# Java VM: OpenJDK 64-Bit Server VM (11.0.13+0-b1751.21-8125866, mixed mode, tiered, compressed oops, g1 gc, windows-amd64)
Heap:
 garbage-first heap   total 823296K, used 269301K [0x0000000080000000, 0x0000000100000000)
  region size 1024K, 9 young (9216K), 9 survivors (9216K)
 Metaspace       used 130208K, capacity 134437K, committed 135248K, reserved 1167360K
  class space    used 16178K, capacity 17722K, committed 18048K, reserved 1048576K
GC Heap History (20 events):
Event: 6221.355 GC heap after
{Heap after GC invocations=95 (full 0):
 garbage-first heap   total 284672K, used 191332K [0x0000000080000000, 0x0000000100000000)
  region size 1024K, 2 young (2048K), 2 survivors (2048K)
 Metaspace       used 120736K, capacity 124494K, committed 124624K, reserved 1157120K
  class space    used 14923K, capacity 16282K, committed 16384K, reserved 1048576K
}
Event: 6222.019 GC heap before
{Heap before GC invocations=95 (full 0):
 garbage-first heap   total 284672K, used 233316K [0x0000000080000000, 0x0000000100000000)
  region size 1024K, 44 young (45056K), 2 survivors (2048K)
 Metaspace       used 126288K, capacity 130522K, committed 130640K, reserved 1163264K
  class space    used 15925K, capacity 17505K, committed 17536K, reserved 1048576K
}
Event: 6222.032 GC heap after
{Heap after GC invocations=96 (full 0):
 garbage-first heap   total 344064K, used 194317K [0x0000000080000000, 0x0000000100000000)
  region size 1024K, 5 young (5120K), 5 survivors (5120K)
 Metaspace       used 126288K, capacity 130522K, committed 130640K, reserved 1163264K
  class space    used 15925K, capacity 17505K, committed 17536K, reserved 1048576K
}
Event: 6222.771 GC heap before
{Heap before GC invocations=97 (full 0):
 garbage-first heap   total 344064K, used 262925K [0x0000000080000000, 0x0000000100000000)
  region size 1024K, 72 young (73728K), 5 survivors (5120K)
 Metaspace       used 127980K, capacity 132158K, committed 132432K, reserved 1163264K
  class space    used 16054K, capacity 17594K, committed 17792K, reserved 1048576K
}
Event: 6222.788 GC heap after
{Heap after GC invocations=98 (full 0):
 garbage-first heap   total 344064K, used 197184K [0x0000000080000000, 0x0000000100000000)
  region size 1024K, 7 young (7168K), 7 survivors (7168K)
 Metaspace       used 127980K, capacity 132158K, committed 132432K, reserved 1163264K
  class space    used 16054K, capacity 17594K, committed 17792K, reserved 1048576K
}
Event: 6223.298 GC heap before
{Heap before GC invocations=98 (full 0):
 garbage-first heap   total 344064K, used 266816K [0x0000000080000000, 0x0000000100000000)
  region size 1024K, 76 young (77824K), 7 survivors (7168K)
 Metaspace       used 129389K, capacity 133857K, committed 134224K, reserved 1165312K
  class space    used 16263K, capacity 17925K, committed 18048K, reserved 1048576K
}
Event: 6223.313 GC heap after
{Heap after GC invocations=99 (full 0):
 garbage-first heap   total 344064K, used 201872K [0x0000000080000000, 0x0000000100000000)
  region size 1024K, 8 young (8192K), 8 survivors (8192K)
 Metaspace       used 129389K, capacity 133857K, committed 134224K, reserved 1165312K
  class space    used 16263K, capacity 17925K, committed 18048K, reserved 1048576K
}
Event: 6223.720 GC heap before
{Heap before GC invocations=100 (full 0):
 garbage-first heap   total 344064K, used 272528K [0x0000000080000000, 0x0000000100000000)
  region size 1024K, 78 young (79872K), 8 survivors (8192K)
 Metaspace       used 129450K, capacity 133882K, committed 134224K, reserved 1165312K
  class space    used 16237K, capacity 17877K, committed 18048K, reserved 1048576K
}
Event: 6223.785 GC heap after
{Heap after GC invocations=101 (full 0):
 garbage-first heap   total 344064K, used 214077K [0x0000000080000000, 0x0000000100000000)
  region size 1024K, 10 young (10240K), 10 survivors (10240K)
 Metaspace       used 129450K, capacity 133882K, committed 134224K, reserved 1165312K
  class space    used 16237K, capacity 17877K, committed 18048K, reserved 1048576K
}
Event: 6223.973 GC heap before
{Heap before GC invocations=101 (full 0):
 garbage-first heap   total 344064K, used 277565K [0x0000000080000000, 0x0000000100000000)
  region size 1024K, 74 young (75776K), 10 survivors (10240K)
 Metaspace       used 129490K, capacity 133946K, committed 134224K, reserved 1165312K
  class space    used 16242K, capacity 17877K, committed 18048K, reserved 1048576K
}
Event: 6224.009 GC heap after
{Heap after GC invocations=102 (full 0):
 garbage-first heap   total 503808K, used 228243K [0x0000000080000000, 0x0000000100000000)
  region size 1024K, 10 young (10240K), 10 survivors (10240K)
 Metaspace       used 129490K, capacity 133946K, committed 134224K, reserved 1165312K
  class space    used 16242K, capacity 17877K, committed 18048K, reserved 1048576K
}
Event: 6224.672 GC heap before
{Heap before GC invocations=103 (full 0):
 garbage-first heap   total 503808K, used 342931K [0x0000000080000000, 0x0000000100000000)
  region size 1024K, 123 young (125952K), 10 survivors (10240K)
 Metaspace       used 129452K, capacity 133532K, committed 134736K, reserved 1165312K
  class space    used 16109K, capacity 17623K, committed 18048K, reserved 1048576K
}
Event: 6224.698 GC heap after
{Heap after GC invocations=104 (full 0):
 garbage-first heap   total 503808K, used 241892K [0x0000000080000000, 0x0000000100000000)
  region size 1024K, 15 young (15360K), 15 survivors (15360K)
 Metaspace       used 129452K, capacity 133532K, committed 134736K, reserved 1165312K
  class space    used 16109K, capacity 17623K, committed 18048K, reserved 1048576K
}
Event: 6224.710 GC heap before
{Heap before GC invocations=104 (full 0):
 garbage-first heap   total 503808K, used 250084K [0x0000000080000000, 0x0000000100000000)
  region size 1024K, 24 young (24576K), 15 survivors (15360K)
 Metaspace       used 129454K, capacity 133532K, committed 134736K, reserved 1165312K
  class space    used 16109K, capacity 17623K, committed 18048K, reserved 1048576K
}
Event: 6224.720 GC heap after
{Heap after GC invocations=105 (full 0):
 garbage-first heap   total 503808K, used 240230K [0x0000000080000000, 0x0000000100000000)
  region size 1024K, 3 young (3072K), 3 survivors (3072K)
 Metaspace       used 129454K, capacity 133532K, committed 134736K, reserved 1165312K
  class space    used 16109K, capacity 17623K, committed 18048K, reserved 1048576K
}
Event: 6225.266 GC heap before
{Heap before GC invocations=105 (full 0):
 garbage-first heap   total 503808K, used 361062K [0x0000000080000000, 0x0000000100000000)
  region size 1024K, 121 young (123904K), 3 survivors (3072K)
 Metaspace       used 129686K, capacity 133811K, committed 134992K, reserved 1167360K
  class space    used 16135K, capacity 17653K, committed 18048K, reserved 1048576K
}
Event: 6225.373 GC heap after
{Heap after GC invocations=106 (full 0):
 garbage-first heap   total 503808K, used 251679K [0x0000000080000000, 0x0000000100000000)
  region size 1024K, 14 young (14336K), 14 survivors (14336K)
 Metaspace       used 129686K, capacity 133811K, committed 134992K, reserved 1167360K
  class space    used 16135K, capacity 17653K, committed 18048K, reserved 1048576K
}
Event: 6225.827 GC heap before
{Heap before GC invocations=106 (full 0):
 garbage-first heap   total 503808K, used 378655K [0x0000000080000000, 0x0000000100000000)
  region size 1024K, 138 young (141312K), 14 survivors (14336K)
 Metaspace       used 129965K, capacity 134147K, committed 134992K, reserved 1167360K
  class space    used 16177K, capacity 17721K, committed 18048K, reserved 1048576K
}
Event: 6225.861 GC heap after
{Heap after GC invocations=107 (full 0):
 garbage-first heap   total 503808K, used 260868K [0x0000000080000000, 0x0000000100000000)
  region size 1024K, 12 young (12288K), 12 survivors (12288K)
 Metaspace       used 129965K, capacity 134147K, committed 134992K, reserved 1167360K
  class space    used 16177K, capacity 17721K, committed 18048K, reserved 1048576K
}
Event: 6226.397 GC heap before
{Heap before GC invocations=107 (full 0):
 garbage-first heap   total 503808K, used 386820K [0x0000000080000000, 0x0000000100000000)
  region size 1024K, 136 young (139264K), 12 survivors (12288K)
 Metaspace       used 130208K, capacity 134437K, committed 135248K, reserved 1167360K
  class space    used 16178K, capacity 17722K, committed 18048K, reserved 1048576K
}

