# JRE version: OpenJDK Runtime Environment (11.0.13) (build 11.0.13+0-b1751.21-8125866)
# Java VM: OpenJDK 64-Bit Server VM (11.0.13+0-b1751.21-8125866, mixed mode, tiered, compressed oops, g1 gc, windows-amd64)
Heap:
 garbage-first heap   total 163840K, used 133536K [0x0000000080000000, 0x0000000100000000)
  region size 1024K, 43 young (44032K), 4 survivors (4096K)
 Metaspace       used 88146K, capacity 90502K, committed 91088K, reserved 1128448K
  class space    used 11246K, capacity 12118K, committed 12288K, reserved 1048576K
GC Heap History (20 events):
Event: 18.055 GC heap before
{Heap before GC invocations=16 (full 0):
 garbage-first heap   total 163840K, used 116135K [0x0000000080000000, 0x0000000100000000)
  region size 1024K, 58 young (59392K), 4 survivors (4096K)
 Metaspace       used 73346K, capacity 75265K, committed 75472K, reserved 1114112K
  class space    used 9490K, capacity 10189K, committed 10240K, reserved 1048576K
}
Event: 18.061 GC heap after
{Heap after GC invocations=17 (full 0):
 garbage-first heap   total 163840K, used 63727K [0x0000000080000000, 0x0000000100000000)
  region size 1024K, 7 young (7168K), 7 survivors (7168K)
 Metaspace       used 73346K, capacity 75265K, committed 75472K, reserved 1114112K
  class space    used 9490K, capacity 10189K, committed 10240K, reserved 1048576K
}
Event: 19.442 GC heap before
{Heap before GC invocations=17 (full 0):
 garbage-first heap   total 163840K, used 120047K [0x0000000080000000, 0x0000000100000000)
  region size 1024K, 62 young (63488K), 7 survivors (7168K)
 Metaspace       used 79087K, capacity 81213K, committed 81488K, reserved 1120256K
  class space    used 10267K, capacity 11064K, committed 11136K, reserved 1048576K
}
Event: 19.450 GC heap after
{Heap after GC invocations=18 (full 0):
 garbage-first heap   total 163840K, used 68566K [0x0000000080000000, 0x0000000100000000)
  region size 1024K, 8 young (8192K), 8 survivors (8192K)
 Metaspace       used 79087K, capacity 81213K, committed 81488K, reserved 1120256K
  class space    used 10267K, capacity 11064K, committed 11136K, reserved 1048576K
}
Event: 22.721 GC heap before
{Heap before GC invocations=18 (full 0):
 garbage-first heap   total 163840K, used 122838K [0x0000000080000000, 0x0000000100000000)
  region size 1024K, 62 young (63488K), 8 survivors (8192K)
 Metaspace       used 84481K, capacity 86601K, committed 86736K, reserved 1124352K
  class space    used 10898K, capacity 11685K, committed 11776K, reserved 1048576K
}
Event: 22.733 GC heap after
{Heap after GC invocations=19 (full 0):
 garbage-first heap   total 163840K, used 72717K [0x0000000080000000, 0x0000000100000000)
  region size 1024K, 5 young (5120K), 5 survivors (5120K)
 Metaspace       used 84481K, capacity 86601K, committed 86736K, reserved 1124352K
  class space    used 10898K, capacity 11685K, committed 11776K, reserved 1048576K
}
Event: 24.028 GC heap before
{Heap before GC invocations=19 (full 0):
 garbage-first heap   total 163840K, used 125965K [0x0000000080000000, 0x0000000100000000)
  region size 1024K, 57 young (58368K), 5 survivors (5120K)
 Metaspace       used 85749K, capacity 88258K, committed 88400K, reserved 1126400K
  class space    used 11134K, capacity 12051K, committed 12160K, reserved 1048576K
}
Event: 24.036 GC heap after
{Heap after GC invocations=20 (full 0):
 garbage-first heap   total 163840K, used 78439K [0x0000000080000000, 0x0000000100000000)
  region size 1024K, 6 young (6144K), 6 survivors (6144K)
 Metaspace       used 85749K, capacity 88258K, committed 88400K, reserved 1126400K
  class space    used 11134K, capacity 12051K, committed 12160K, reserved 1048576K
}
Event: 24.661 GC heap before
{Heap before GC invocations=20 (full 0):
 garbage-first heap   total 163840K, used 127591K [0x0000000080000000, 0x0000000100000000)
  region size 1024K, 55 young (56320K), 6 survivors (6144K)
 Metaspace       used 86356K, capacity 88837K, committed 89168K, reserved 1126400K
  class space    used 11171K, capacity 12078K, committed 12160K, reserved 1048576K
}
Event: 24.667 GC heap after
{Heap after GC invocations=21 (full 0):
 garbage-first heap   total 163840K, used 81829K [0x0000000080000000, 0x0000000100000000)
  region size 1024K, 5 young (5120K), 5 survivors (5120K)
 Metaspace       used 86356K, capacity 88837K, committed 89168K, reserved 1126400K
  class space    used 11171K, capacity 12078K, committed 12160K, reserved 1048576K
}
Event: 25.465 GC heap before
{Heap before GC invocations=21 (full 0):
 garbage-first heap   total 163840K, used 129957K [0x0000000080000000, 0x0000000100000000)
  region size 1024K, 53 young (54272K), 5 survivors (5120K)
 Metaspace       used 86836K, capacity 89277K, committed 89424K, reserved 1126400K
  class space    used 11201K, capacity 12122K, committed 12160K, reserved 1048576K
}
Event: 25.473 GC heap after
{Heap after GC invocations=22 (full 0):
 garbage-first heap   total 163840K, used 84942K [0x0000000080000000, 0x0000000100000000)
  region size 1024K, 5 young (5120K), 5 survivors (5120K)
 Metaspace       used 86836K, capacity 89277K, committed 89424K, reserved 1126400K
  class space    used 11201K, capacity 12122K, committed 12160K, reserved 1048576K
}
Event: 25.980 GC heap before
{Heap before GC invocations=23 (full 0):
 garbage-first heap   total 163840K, used 131022K [0x0000000080000000, 0x0000000100000000)
  region size 1024K, 51 young (52224K), 5 survivors (5120K)
 Metaspace       used 86548K, capacity 88773K, committed 89680K, reserved 1126400K
  class space    used 11088K, capacity 11893K, committed 12160K, reserved 1048576K
}
Event: 25.987 GC heap after
{Heap after GC invocations=24 (full 0):
 garbage-first heap   total 163840K, used 88165K [0x0000000080000000, 0x0000000100000000)
  region size 1024K, 5 young (5120K), 5 survivors (5120K)
 Metaspace       used 86548K, capacity 88773K, committed 89680K, reserved 1126400K
  class space    used 11088K, capacity 11893K, committed 12160K, reserved 1048576K
}
Event: 26.629 GC heap before
{Heap before GC invocations=24 (full 0):
 garbage-first heap   total 163840K, used 132197K [0x0000000080000000, 0x0000000100000000)
  region size 1024K, 49 young (50176K), 5 survivors (5120K)
 Metaspace       used 86652K, capacity 88896K, committed 89680K, reserved 1126400K
  class space    used 11099K, capacity 11933K, committed 12160K, reserved 1048576K
}
Event: 26.637 GC heap after
{Heap after GC invocations=25 (full 0):
 garbage-first heap   total 163840K, used 90534K [0x0000000080000000, 0x0000000100000000)
  region size 1024K, 4 young (4096K), 4 survivors (4096K)
 Metaspace       used 86652K, capacity 88896K, committed 89680K, reserved 1126400K
  class space    used 11099K, capacity 11933K, committed 12160K, reserved 1048576K
}
Event: 27.093 GC heap before
{Heap before GC invocations=26 (full 0):
 garbage-first heap   total 163840K, used 133542K [0x0000000080000000, 0x0000000100000000)
  region size 1024K, 47 young (48128K), 4 survivors (4096K)
 Metaspace       used 86693K, capacity 89027K, committed 89680K, reserved 1126400K
  class space    used 11101K, capacity 11933K, committed 12160K, reserved 1048576K
}
Event: 27.100 GC heap after
{Heap after GC invocations=27 (full 0):
 garbage-first heap   total 163840K, used 93285K [0x0000000080000000, 0x0000000100000000)
  region size 1024K, 4 young (4096K), 4 survivors (4096K)
 Metaspace       used 86693K, capacity 89027K, committed 89680K, reserved 1126400K
  class space    used 11101K, capacity 11933K, committed 12160K, reserved 1048576K
}
Event: 27.536 GC heap before
{Heap before GC invocations=27 (full 0):
 garbage-first heap   total 163840K, used 134245K [0x0000000080000000, 0x0000000100000000)
  region size 1024K, 45 young (46080K), 4 survivors (4096K)
 Metaspace       used 86732K, capacity 89033K, committed 89680K, reserved 1126400K
  class space    used 11102K, capacity 11935K, committed 12160K, reserved 1048576K
}
Event: 27.543 GC heap after
{Heap after GC invocations=28 (full 0):
 garbage-first heap   total 163840K, used 95648K [0x0000000080000000, 0x0000000100000000)
  region size 1024K, 4 young (4096K), 4 survivors (4096K)
 Metaspace       used 86732K, capacity 89033K, committed 89680K, reserved 1126400K
  class space    used 11102K, capacity 11935K, committed 12160K, reserved 1048576K
}

